[2015-04-24 17:22:57:205] : BesselToGRS80PCS Start
[2015-04-24 17:22:57:210] : BesselToGRS80GCS Start
[2015-04-24 17:22:57:601] : ConvertBesselDatasetVectorToGRS80 Start
[2015-04-24 17:22:57:702] : getConvertToGRS80Geometry Start
[2015-04-24 17:22:57:713] : getConvertToGRS80Points Start
[2015-04-24 17:22:57:741] : Bessel: 129.225000377878,129.225000377878
[2015-04-24 17:22:57:761] : GRS80: 129.222724913,35.203079951
[2015-04-24 17:22:57:771] : Bessel: 129.250000224257,129.250000224257
[2015-04-24 17:22:57:773] : GRS80: 129.247722595,35.203080012
[2015-04-24 17:22:57:775] : Bessel: 129.250000484802,129.250000484802
[2015-04-24 17:22:57:776] : GRS80: 129.24772311,35.178082911
[2015-04-24 17:22:57:778] : Bessel: 129.225000416938,129.225000416938
[2015-04-24 17:22:57:780] : GRS80: 129.222725205,35.178082711
[2015-04-24 17:22:57:782] : Bessel: 129.225000377878,129.225000377878
[2015-04-24 17:22:57:783] : GRS80: 129.222724913,35.203079951
[2015-04-24 17:22:57:785] : getConvertToGRS80Points End
[2015-04-24 17:22:57:830] : getConvertToGRS80Geometry End
[2015-04-24 17:22:58:066] : ConvertBesselDatasetVectorToGRS80 End
[2015-04-24 17:22:58:067] : BesselToGRS80GCS End
[2015-04-24 17:22:58:438] : BesselToGRS80PCS End
[2015-04-24 17:24:53:567] : BesselToGRS80PCS Start
[2015-04-24 17:25:04:013] : BesselToGRS80GCS Start
[2015-04-24 17:25:06:644] : ConvertBesselDatasetVectorToGRS80 Start
[2015-04-24 17:25:06:746] : getConvertToGRS80Geometry Start
[2015-04-24 17:25:06:757] : getConvertToGRS80Points Start
[2015-04-24 17:25:06:789] : Bessel: 129.225000377878,129.225000377878
[2015-04-24 17:25:06:808] : GRS80: 129.222724913,35.203079951
[2015-04-24 17:25:06:818] : Bessel: 129.250000224257,129.250000224257
[2015-04-24 17:25:06:820] : GRS80: 129.247722595,35.203080012
[2015-04-24 17:25:06:821] : Bessel: 129.250000484802,129.250000484802
[2015-04-24 17:25:06:823] : GRS80: 129.24772311,35.178082911
[2015-04-24 17:25:06:825] : Bessel: 129.225000416938,129.225000416938
[2015-04-24 17:25:06:827] : GRS80: 129.222725205,35.178082711
[2015-04-24 17:25:06:828] : Bessel: 129.225000377878,129.225000377878
[2015-04-24 17:25:06:830] : GRS80: 129.222724913,35.203079951
[2015-04-24 17:25:06:831] : getConvertToGRS80Points End
[2015-04-24 17:25:06:871] : getConvertToGRS80Geometry End
[2015-04-24 17:25:07:102] : ConvertBesselDatasetVectorToGRS80 End
[2015-04-24 17:25:07:104] : BesselToGRS80GCS End
[2015-04-24 17:25:07:420] : BesselToGRS80PCS End
[2015-04-24 17:28:48:292] : BesselToGRS80PCS Start
[2015-04-24 17:28:48:296] : BesselToGRS80GCS Start
[2015-04-24 17:28:48:694] : ConvertBesselDatasetVectorToGRS80 Start
[2015-04-24 17:28:48:794] : getConvertToGRS80Geometry Start
[2015-04-24 17:28:48:804] : getConvertToGRS80Points Start
[2015-04-24 17:28:48:835] : Bessel: 129.225000377878,129.225000377878
[2015-04-24 17:28:48:855] : GRS80: 129.222724913,35.203079951
[2015-04-24 17:28:48:866] : Bessel: 129.250000224257,129.250000224257
[2015-04-24 17:28:48:868] : GRS80: 129.247722595,35.203080012
[2015-04-24 17:28:48:869] : Bessel: 129.250000484802,129.250000484802
[2015-04-24 17:28:48:871] : GRS80: 129.24772311,35.178082911
[2015-04-24 17:28:48:873] : Bessel: 129.225000416938,129.225000416938
[2015-04-24 17:28:48:875] : GRS80: 129.222725205,35.178082711
[2015-04-24 17:28:48:876] : Bessel: 129.225000377878,129.225000377878
[2015-04-24 17:28:48:878] : GRS80: 129.222724913,35.203079951
[2015-04-24 17:28:48:880] : getConvertToGRS80Points End
[2015-04-24 17:28:48:922] : getConvertToGRS80Geometry End
[2015-04-24 17:28:49:155] : ConvertBesselDatasetVectorToGRS80 End
[2015-04-24 17:28:49:157] : BesselToGRS80GCS End
[2015-04-24 17:28:49:506] : BesselToGRS80PCS End
[2015-04-24 17:28:56:159] : BesselToGRS80PCS Start
[2015-04-24 17:28:56:160] : BesselToGRS80GCS Start
[2015-04-24 17:28:56:350] : ConvertBesselDatasetVectorToGRS80 Start
[2015-04-24 17:28:56:358] : getConvertToGRS80Geometry Start
[2015-04-24 17:28:56:359] : getConvertToGRS80Points Start
[2015-04-24 17:28:56:360] : Bessel: 129.225000377878,129.225000377878
[2015-04-24 17:28:56:362] : GRS80: 129.222724913,35.203079951
[2015-04-24 17:28:56:364] : Bessel: 129.250000224257,129.250000224257
[2015-04-24 17:28:56:365] : GRS80: 129.247722595,35.203080012
[2015-04-24 17:28:56:366] : Bessel: 129.250000484802,129.250000484802
[2015-04-24 17:28:56:368] : GRS80: 129.24772311,35.178082911
[2015-04-24 17:28:56:370] : Bessel: 129.225000416938,129.225000416938
[2015-04-24 17:28:56:372] : GRS80: 129.222725205,35.178082711
[2015-04-24 17:28:56:373] : Bessel: 129.225000377878,129.225000377878
[2015-04-24 17:28:56:374] : GRS80: 129.222724913,35.203079951
[2015-04-24 17:28:56:376] : getConvertToGRS80Points End
[2015-04-24 17:28:56:377] : getConvertToGRS80Geometry End
[2015-04-24 17:28:56:510] : ConvertBesselDatasetVectorToGRS80 End
[2015-04-24 17:28:56:512] : BesselToGRS80GCS End
[2015-04-24 17:28:56:566] : BesselToGRS80PCS End
[2015-04-24 17:31:51:215] : BesselToGRS80PCS Start
[2015-04-24 17:31:53:983] : BesselToGRS80GCS Start
[2015-04-24 17:31:59:983] : ConvertBesselDatasetVectorToGRS80 Start
[2015-04-24 17:32:00:085] : getConvertToGRS80Geometry Start
[2015-04-24 17:32:00:095] : getConvertToGRS80Points Start
[2015-04-24 17:32:00:122] : Bessel: 129.225000377878,129.225000377878
[2015-04-24 17:32:00:143] : GRS80: 129.222724913,35.203079951
[2015-04-24 17:32:00:153] : Bessel: 129.250000224257,129.250000224257
[2015-04-24 17:32:00:155] : GRS80: 129.247722595,35.203080012
[2015-04-24 17:32:00:157] : Bessel: 129.250000484802,129.250000484802
[2015-04-24 17:32:00:159] : GRS80: 129.24772311,35.178082911
[2015-04-24 17:32:00:161] : Bessel: 129.225000416938,129.225000416938
[2015-04-24 17:32:00:163] : GRS80: 129.222725205,35.178082711
[2015-04-24 17:32:00:165] : Bessel: 129.225000377878,129.225000377878
[2015-04-24 17:32:00:167] : GRS80: 129.222724913,35.203079951
[2015-04-24 17:32:00:169] : getConvertToGRS80Points End
[2015-04-24 17:32:00:209] : getConvertToGRS80Geometry End
[2015-04-24 17:32:00:454] : ConvertBesselDatasetVectorToGRS80 End
[2015-04-24 17:32:00:456] : BesselToGRS80GCS End
[2015-04-24 17:32:00:819] : BesselToGRS80PCS End
[2015-04-24 17:32:52:086] : BesselToGRS80PCS Start
[2015-04-24 17:33:02:643] : BesselToGRS80GCS Start
[2015-04-24 17:33:04:162] : ConvertBesselDatasetVectorToGRS80 Start
[2015-04-24 17:33:07:714] : getConvertToGRS80Geometry Start
[2015-04-24 17:33:10:242] : getConvertToGRS80Points Start
[2015-04-24 17:33:13:576] : Bessel: 129.225000377878,129.225000377878
[2015-04-24 17:33:15:841] : GRS80: 129.222724913,35.203079951
[2015-04-24 17:33:19:305] : Bessel: 129.250000224257,129.250000224257
